  x_file.cpp
  ui.cpp
  title.cpp
c:\users\student\desktop\学校\チーム制作\minigame\minigame\title.h(58): error C3646: 'm': 不明なオーバーライド指定子です
c:\users\student\desktop\学校\チーム制作\minigame\minigame\title.h(58): error C2059: 構文エラー: ')'
c:\users\student\desktop\学校\チーム制作\minigame\minigame\title.h(58): error C2334: '{' の前に予期しないトークンがありました。関数の本体は無視されます
  texture.cpp
  spray.cpp
  sound.cpp
  score.cpp
  result.cpp
  renderer.cpp
  rank.cpp
  object3D.cpp
  player.cpp
  pause.cpp
  object2D.cpp
  object.cpp
  number.cpp
  model_obstacle.cpp
c:\users\student\desktop\学校\チーム制作\minigame\minigame\title.h(58): error C3646: 'm': 不明なオーバーライド指定子です
c:\users\student\desktop\学校\チーム制作\minigame\minigame\title.h(58): error C2059: 構文エラー: ')'
c:\users\student\desktop\学校\チーム制作\minigame\minigame\title.h(58): error C2334: '{' の前に予期しないトークンがありました。関数の本体は無視されます
  model.cpp
  meshfield.cpp
  manager.cpp
c:\users\student\desktop\学校\チーム制作\minigame\minigame\title.h(58): error C3646: 'm': 不明なオーバーライド指定子です
c:\users\student\desktop\学校\チーム制作\minigame\minigame\title.h(58): error C2059: 構文エラー: ')'
c:\users\student\desktop\学校\チーム制作\minigame\minigame\title.h(58): error C2334: '{' の前に予期しないトークンがありました。関数の本体は無視されます
  コードを生成中...
  コンパイル中...
  main.cpp
  logo.cpp
  load.cpp
c:\users\student\desktop\学校\チーム制作\minigame\minigame\load.cpp(7): warning C4005: '_CRT_SECURE_NO_WARNINGS': マクロが再定義されました。
  c:\users\student\desktop\学校\チーム制作\minigame\minigame\load.cpp(7): note: コマンド ラインの引数: '_CRT_SECURE_NO_WARNINGS' の前の定義を確認してください
  light.cpp
  life.cpp
  library.cpp
  item.cpp
  input_mouse.cpp
  input_keyboard.cpp
  input_joypad.cpp
  input.cpp
  gauge.cpp
  game.cpp
  fade_scene.cpp
  fade.cpp
  explosion.cpp
  enemy_boss.cpp
c:\users\student\desktop\学校\チーム制作\minigame\minigame\title.h(58): error C3646: 'm': 不明なオーバーライド指定子です
c:\users\student\desktop\学校\チーム制作\minigame\minigame\title.h(58): error C2059: 構文エラー: ')'
c:\users\student\desktop\学校\チーム制作\minigame\minigame\title.h(58): error C2334: '{' の前に予期しないトークンがありました。関数の本体は無視されます
  enemy.cpp
  effect.cpp
  continue.cpp
  コードを生成中...
  コンパイル中...
  cloud.cpp
  camera.cpp
c:\users\student\desktop\学校\チーム制作\minigame\minigame\title.h(58): error C3646: 'm': 不明なオーバーライド指定子です
c:\users\student\desktop\学校\チーム制作\minigame\minigame\title.h(58): error C2059: 構文エラー: ')'
c:\users\student\desktop\学校\チーム制作\minigame\minigame\title.h(58): error C2334: '{' の前に予期しないトークンがありました。関数の本体は無視されます
  bullet_option.cpp
  bullet.cpp
  bubble.cpp
  bg_move.cpp
  bg.cpp
  base.cpp
  barrier.cpp
  コードを生成中...
